# JRE version: Java(TM) SE Runtime Environment (8.0_51-b16) (build 1.8.0_51-b16)
# Java VM: Java HotSpot(TM) 64-Bit Server VM (25.51-b03 mixed mode windows-amd64 compressed oops)
Heap:
 PSYoungGen      total 75776K, used 25450K [0x000000076bf80000, 0x0000000771400000, 0x00000007c0000000)
  eden space 65024K, 39% used [0x000000076bf80000,0x000000076d85aa48,0x000000076ff00000)
  from space 10752K, 0% used [0x000000076ff00000,0x000000076ff00000,0x0000000770980000)
  to   space 10752K, 0% used [0x0000000770980000,0x0000000770980000,0x0000000771400000)
 ParOldGen       total 124928K, used 8567K [0x00000006c3e00000, 0x00000006cb800000, 0x000000076bf80000)
  object space 124928K, 6% used [0x00000006c3e00000,0x00000006c465dd90,0x00000006cb800000)
 Metaspace       used 24911K, capacity 25150K, committed 25472K, reserved 1071104K
  class space    used 3024K, capacity 3111K, committed 3200K, reserved 1048576K
GC Heap History (4 events):
Event: 1.629 GC heap before
{Heap before GC invocations=1 (full 0):
 PSYoungGen      total 75776K, used 44250K [0x000000076bf80000, 0x0000000771400000, 0x00000007c0000000)
  eden space 65024K, 68% used [0x000000076bf80000,0x000000076eab6ac0,0x000000076ff00000)
  from space 10752K, 0% used [0x0000000770980000,0x0000000770980000,0x0000000771400000)
  to   space 10752K, 0% used [0x000000076ff00000,0x000000076ff00000,0x0000000770980000)
 ParOldGen       total 173568K, used 0K [0x00000006c3e00000, 0x00000006ce780000, 0x000000076bf80000)
  object space 173568K, 0% used [0x00000006c3e00000,0x00000006c3e00000,0x00000006ce780000)
 Metaspace       used 20867K, capacity 21084K, committed 21296K, reserved 1069056K
  class space    used 2510K, capacity 2608K, committed 2688K, reserved 1048576K
Event: 1.635 GC heap after
Heap after GC invocations=1 (full 0):
 PSYoungGen      total 75776K, used 8865K [0x000000076bf80000, 0x0000000771400000, 0x00000007c0000000)
  eden space 65024K, 0% used [0x000000076bf80000,0x000000076bf80000,0x000000076ff00000)
  from space 10752K, 82% used [0x000000076ff00000,0x00000007707a8628,0x0000000770980000)
  to   space 10752K, 0% used [0x0000000770980000,0x0000000770980000,0x0000000771400000)
 ParOldGen       total 173568K, used 24K [0x00000006c3e00000, 0x00000006ce780000, 0x000000076bf80000)
  object space 173568K, 0% used [0x00000006c3e00000,0x00000006c3e06000,0x00000006ce780000)
 Metaspace       used 20867K, capacity 21084K, committed 21296K, reserved 1069056K
  class space    used 2510K, capacity 2608K, committed 2688K, reserved 1048576K
}
Event: 1.635 GC heap before
{Heap before GC invocations=2 (full 1):
 PSYoungGen      total 75776K, used 8865K [0x000000076bf80000, 0x0000000771400000, 0x00000007c0000000)
  eden space 65024K, 0% used [0x000000076bf80000,0x000000076bf80000,0x000000076ff00000)
  from space 10752K, 82% used [0x000000076ff00000,0x00000007707a8628,0x0000000770980000)
  to   space 10752K, 0% used [0x0000000770980000,0x0000000770980000,0x0000000771400000)
 ParOldGen       total 173568K, used 24K [0x00000006c3e00000, 0x00000006ce780000, 0x000000076bf80000)
  object space 173568K, 0% used [0x00000006c3e00000,0x00000006c3e06000,0x00000006ce780000)
 Metaspace       used 20867K, capacity 21084K, committed 21296K, reserved 1069056K
  class space    used 2510K, capacity 2608K, committed 2688K, reserved 1048576K
Event: 1.656 GC heap after
Heap after GC invocations=2 (full 1):
 PSYoungGen      total 75776K, used 0K [0x000000076bf80000, 0x0000000771400000, 0x00000007c0000000)
  eden space 65024K, 0% used [0x000000076bf80000,0x000000076bf80000,0x000000076ff00000)
  from space 10752K, 0% used [0x000000076ff00000,0x000000076ff00000,0x0000000770980000)
  to   space 10752K, 0% used [0x0000000770980000,0x0000000770980000,0x0000000771400000)
 ParOldGen       total 124928K, used 8567K [0x00000006c3e00000, 0x00000006cb800000, 0x000000076bf80000)
  object space 124928K, 6% used [0x00000006c3e00000,0x00000006c465dd90,0x00000006cb800000)
 Metaspace       used 20867K, capacity 21084K, committed 21296K, reserved 1069056K
  class space    used 2510K, capacity 2608K, committed 2688K, reserved 1048576K
}

